The system is: Linux - 5.11.14-arch1-1 - x86_64
Compiling the C compiler identification source file "CMakeCCompilerId.c" succeeded.
Compiler: /usr/bin/cc 
Build flags: 
Id flags:  

The output was:
0


Compilation of the C compiler identification source "CMakeCCompilerId.c" produced "a.out"

The C compiler identification is GNU, found in "/tmp/c--example/cmake-build-debug/CMakeFiles/3.17.5/CompilerIdC/a.out"

Compiling the CXX compiler identification source file "CMakeCXXCompilerId.cpp" succeeded.
Compiler: /usr/bin/c++ 
Build flags: 
Id flags:  

The output was:
0


Compilation of the CXX compiler identification source "CMakeCXXCompilerId.cpp" produced "a.out"

The CXX compiler identification is GNU, found in "/tmp/c--example/cmake-build-debug/CMakeFiles/3.17.5/CompilerIdCXX/a.out"

Determining if the C compiler works passed with the following output:
Change Dir: /tmp/c--example/cmake-build-debug/CMakeFiles/CMakeTmp

Run Build Command(s):/usr/bin/make cmTC_d49ec/fast && /usr/bin/make  -f CMakeFiles/cmTC_d49ec.dir/build.make CMakeFiles/cmTC_d49ec.dir/build
make[1]: Entering directory '/tmp/c--example/cmake-build-debug/CMakeFiles/CMakeTmp'
Building C object CMakeFiles/cmTC_d49ec.dir/testCCompiler.c.o
/usr/bin/cc    -o CMakeFiles/cmTC_d49ec.dir/testCCompiler.c.o   -c /tmp/c--example/cmake-build-debug/CMakeFiles/CMakeTmp/testCCompiler.c
Linking C executable cmTC_d49ec
/home/carlosal1015/.local/share/JetBrains/Toolbox/apps/CLion/ch-0/203.7717.62/bin/cmake/linux/bin/cmake -E cmake_link_script CMakeFiles/cmTC_d49ec.dir/link.txt --verbose=1
/usr/bin/cc      CMakeFiles/cmTC_d49ec.dir/testCCompiler.c.o  -o cmTC_d49ec 
make[1]: Leaving directory '/tmp/c--example/cmake-build-debug/CMakeFiles/CMakeTmp'



Detecting C compiler ABI info compiled with the following output:
Change Dir: /tmp/c--example/cmake-build-debug/CMakeFiles/CMakeTmp

Run Build Command(s):/usr/bin/make cmTC_606ca/fast && /usr/bin/make  -f CMakeFiles/cmTC_606ca.dir/build.make CMakeFiles/cmTC_606ca.dir/build
make[1]: Entering directory '/tmp/c--example/cmake-build-debug/CMakeFiles/CMakeTmp'
Building C object CMakeFiles/cmTC_606ca.dir/CMakeCCompilerABI.c.o
/usr/bin/cc   -v -o CMakeFiles/cmTC_606ca.dir/CMakeCCompilerABI.c.o   -c /home/carlosal1015/.local/share/JetBrains/Toolbox/apps/CLion/ch-0/203.7717.62/bin/cmake/linux/share/cmake-3.17/Modules/CMakeCCompilerABI.c
Using built-in specs.
COLLECT_GCC=/usr/bin/cc
Target: x86_64-pc-linux-gnu
Configured with: /build/gcc/src/gcc/configure --prefix=/usr --libdir=/usr/lib --libexecdir=/usr/lib --mandir=/usr/share/man --infodir=/usr/share/info --with-bugurl=https://bugs.archlinux.org/ --enable-languages=c,c++,ada,fortran,go,lto,objc,obj-c++,d --with-isl --with-linker-hash-style=gnu --with-system-zlib --enable-__cxa_atexit --enable-cet=auto --enable-checking=release --enable-clocale=gnu --enable-default-pie --enable-default-ssp --enable-gnu-indirect-function --enable-gnu-unique-object --enable-install-libiberty --enable-linker-build-id --enable-lto --enable-multilib --enable-plugin --enable-shared --enable-threads=posix --disable-libssp --disable-libstdcxx-pch --disable-libunwind-exceptions --disable-werror gdc_include_dir=/usr/include/dlang/gdc
Thread model: posix
Supported LTO compression algorithms: zlib zstd
gcc version 10.2.0 (GCC) 
COLLECT_GCC_OPTIONS='-v' '-o' 'CMakeFiles/cmTC_606ca.dir/CMakeCCompilerABI.c.o' '-c' '-mtune=generic' '-march=x86-64'
 /usr/lib/gcc/x86_64-pc-linux-gnu/10.2.0/cc1 -quiet -v /home/carlosal1015/.local/share/JetBrains/Toolbox/apps/CLion/ch-0/203.7717.62/bin/cmake/linux/share/cmake-3.17/Modules/CMakeCCompilerABI.c -quiet -dumpbase CMakeCCompilerABI.c -mtune=generic -march=x86-64 -auxbase-strip CMakeFiles/cmTC_606ca.dir/CMakeCCompilerABI.c.o -version -o /tmp/cc6PftJ5.s
GNU C17 (GCC) version 10.2.0 (x86_64-pc-linux-gnu)
	compiled by GNU C version 10.2.0, GMP version 6.2.1, MPFR version 4.1.0, MPC version 1.2.1, isl version isl-0.21-GMP

GGC heuristics: --param ggc-min-expand=100 --param ggc-min-heapsize=131072
ignoring nonexistent directory "/usr/lib/gcc/x86_64-pc-linux-gnu/10.2.0/../../../../x86_64-pc-linux-gnu/include"
ignoring nonexistent directory "SUBSTITUTE_INSTALL_DIR_HERE/include"
ignoring nonexistent directory "SUBSTITUTE_INSTALL_DIR_HERE/stdlib"
ignoring nonexistent directory "SUBSTITUTE_INSTALL_DIR_HERE/include"
ignoring nonexistent directory "SUBSTITUTE_INSTALL_DIR_HERE/stdlib"
ignoring duplicate directory "/opt/intel/compilers_and_libraries_2020.4.304/linux/tbb/include"
#include "..." search starts here:
#include <...> search starts here:
 /opt/intel/compilers_and_libraries_2020.4.304/linux/tbb/include
 /usr/lib/gcc/x86_64-pc-linux-gnu/10.2.0/include
 /usr/local/include
 /usr/lib/gcc/x86_64-pc-linux-gnu/10.2.0/include-fixed
 /usr/include
End of search list.
GNU C17 (GCC) version 10.2.0 (x86_64-pc-linux-gnu)
	compiled by GNU C version 10.2.0, GMP version 6.2.1, MPFR version 4.1.0, MPC version 1.2.1, isl version isl-0.21-GMP

GGC heuristics: --param ggc-min-expand=100 --param ggc-min-heapsize=131072
Compiler executable checksum: 1bfc39bab4733e0e3f89254efa5bbd30
COLLECT_GCC_OPTIONS='-v' '-o' 'CMakeFiles/cmTC_606ca.dir/CMakeCCompilerABI.c.o' '-c' '-mtune=generic' '-march=x86-64'
 as -v --64 -o CMakeFiles/cmTC_606ca.dir/CMakeCCompilerABI.c.o /tmp/cc6PftJ5.s
GNU assembler version 2.36.1 (x86_64-pc-linux-gnu) using BFD version (GNU Binutils) 2.36.1
COMPILER_PATH=/usr/lib/gcc/x86_64-pc-linux-gnu/10.2.0/:/usr/lib/gcc/x86_64-pc-linux-gnu/10.2.0/:/usr/lib/gcc/x86_64-pc-linux-gnu/:/usr/lib/gcc/x86_64-pc-linux-gnu/10.2.0/:/usr/lib/gcc/x86_64-pc-linux-gnu/
LIBRARY_PATH=/opt/intel/compilers_and_libraries_2020.4.304/linux/mpi/intel64/libfabric/lib/../lib/:/opt/intel/compilers_and_libraries_2020.4.304/linux/mpi/intel64/libfabric/lib/../lib/:/usr/lib/gcc/x86_64-pc-linux-gnu/10.2.0/:/usr/lib/gcc/x86_64-pc-linux-gnu/10.2.0/../../../../lib/:/lib/../lib/:/usr/lib/../lib/:/opt/intel/compilers_and_libraries_2020.4.304/linux/mpi/intel64/libfabric/lib/:/opt/intel/compilers_and_libraries_2020.4.304/linux/tbb/lib/intel64/gcc4.8/:/opt/intel/compilers_and_libraries_2020.4.304/linux/mpi/intel64/libfabric/lib/:/opt/intel/compilers_and_libraries_2020.4.304/linux/tbb/lib/intel64/gcc4.8/:/usr/lib/gcc/x86_64-pc-linux-gnu/10.2.0/../../../:/lib/:/usr/lib/
COLLECT_GCC_OPTIONS='-v' '-o' 'CMakeFiles/cmTC_606ca.dir/CMakeCCompilerABI.c.o' '-c' '-mtune=generic' '-march=x86-64'
Linking C executable cmTC_606ca
/home/carlosal1015/.local/share/JetBrains/Toolbox/apps/CLion/ch-0/203.7717.62/bin/cmake/linux/bin/cmake -E cmake_link_script CMakeFiles/cmTC_606ca.dir/link.txt --verbose=1
/usr/bin/cc     -v CMakeFiles/cmTC_606ca.dir/CMakeCCompilerABI.c.o  -o cmTC_606ca 
Using built-in specs.
COLLECT_GCC=/usr/bin/cc
COLLECT_LTO_WRAPPER=/usr/lib/gcc/x86_64-pc-linux-gnu/10.2.0/lto-wrapper
Target: x86_64-pc-linux-gnu
Configured with: /build/gcc/src/gcc/configure --prefix=/usr --libdir=/usr/lib --libexecdir=/usr/lib --mandir=/usr/share/man --infodir=/usr/share/info --with-bugurl=https://bugs.archlinux.org/ --enable-languages=c,c++,ada,fortran,go,lto,objc,obj-c++,d --with-isl --with-linker-hash-style=gnu --with-system-zlib --enable-__cxa_atexit --enable-cet=auto --enable-checking=release --enable-clocale=gnu --enable-default-pie --enable-default-ssp --enable-gnu-indirect-function --enable-gnu-unique-object --enable-install-libiberty --enable-linker-build-id --enable-lto --enable-multilib --enable-plugin --enable-shared --enable-threads=posix --disable-libssp --disable-libstdcxx-pch --disable-libunwind-exceptions --disable-werror gdc_include_dir=/usr/include/dlang/gdc
Thread model: posix
Supported LTO compression algorithms: zlib zstd
gcc version 10.2.0 (GCC) 
COMPILER_PATH=/usr/lib/gcc/x86_64-pc-linux-gnu/10.2.0/:/usr/lib/gcc/x86_64-pc-linux-gnu/10.2.0/:/usr/lib/gcc/x86_64-pc-linux-gnu/:/usr/lib/gcc/x86_64-pc-linux-gnu/10.2.0/:/usr/lib/gcc/x86_64-pc-linux-gnu/
LIBRARY_PATH=/opt/intel/compilers_and_libraries_2020.4.304/linux/mpi/intel64/libfabric/lib/../lib/:/opt/intel/compilers_and_libraries_2020.4.304/linux/mpi/intel64/libfabric/lib/../lib/:/usr/lib/gcc/x86_64-pc-linux-gnu/10.2.0/:/usr/lib/gcc/x86_64-pc-linux-gnu/10.2.0/../../../../lib/:/lib/../lib/:/usr/lib/../lib/:/opt/intel/compilers_and_libraries_2020.4.304/linux/mpi/intel64/libfabric/lib/:/opt/intel/compilers_and_libraries_2020.4.304/linux/tbb/lib/intel64/gcc4.8/:/opt/intel/compilers_and_libraries_2020.4.304/linux/mpi/intel64/libfabric/lib/:/opt/intel/compilers_and_libraries_2020.4.304/linux/tbb/lib/intel64/gcc4.8/:/usr/lib/gcc/x86_64-pc-linux-gnu/10.2.0/../../../:/lib/:/usr/lib/
COLLECT_GCC_OPTIONS='-v' '-o' 'cmTC_606ca' '-mtune=generic' '-march=x86-64'
 /usr/lib/gcc/x86_64-pc-linux-gnu/10.2.0/collect2 -plugin /usr/lib/gcc/x86_64-pc-linux-gnu/10.2.0/liblto_plugin.so -plugin-opt=/usr/lib/gcc/x86_64-pc-linux-gnu/10.2.0/lto-wrapper -plugin-opt=-fresolution=/tmp/cc7gXadb.res -plugin-opt=-pass-through=-lgcc -plugin-opt=-pass-through=-lgcc_s -plugin-opt=-pass-through=-lc -plugin-opt=-pass-through=-lgcc -plugin-opt=-pass-through=-lgcc_s --build-id --eh-frame-hdr --hash-style=gnu -m elf_x86_64 -dynamic-linker /lib64/ld-linux-x86-64.so.2 -pie -o cmTC_606ca /usr/lib/gcc/x86_64-pc-linux-gnu/10.2.0/../../../../lib/Scrt1.o /usr/lib/gcc/x86_64-pc-linux-gnu/10.2.0/../../../../lib/crti.o /usr/lib/gcc/x86_64-pc-linux-gnu/10.2.0/crtbeginS.o -L/opt/intel/compilers_and_libraries_2020.4.304/linux/mpi/intel64/libfabric/lib/../lib -L/opt/intel/compilers_and_libraries_2020.4.304/linux/mpi/intel64/libfabric/lib/../lib -L/usr/lib/gcc/x86_64-pc-linux-gnu/10.2.0 -L/usr/lib/gcc/x86_64-pc-linux-gnu/10.2.0/../../../../lib -L/lib/../lib -L/usr/lib/../lib -L/opt/intel/compilers_and_libraries_2020.4.304/linux/mpi/intel64/libfabric/lib -L/opt/intel/compilers_and_libraries_2020.4.304/linux/tbb/lib/intel64/gcc4.8 -L/opt/intel/compilers_and_libraries_2020.4.304/linux/mpi/intel64/libfabric/lib -L/opt/intel/compilers_and_libraries_2020.4.304/linux/tbb/lib/intel64/gcc4.8 -L/usr/lib/gcc/x86_64-pc-linux-gnu/10.2.0/../../.. CMakeFiles/cmTC_606ca.dir/CMakeCCompilerABI.c.o -lgcc --push-state --as-needed -lgcc_s --pop-state -lc -lgcc --push-state --as-needed -lgcc_s --pop-state /usr/lib/gcc/x86_64-pc-linux-gnu/10.2.0/crtendS.o /usr/lib/gcc/x86_64-pc-linux-gnu/10.2.0/../../../../lib/crtn.o
COLLECT_GCC_OPTIONS='-v' '-o' 'cmTC_606ca' '-mtune=generic' '-march=x86-64'
make[1]: Leaving directory '/tmp/c--example/cmake-build-debug/CMakeFiles/CMakeTmp'



Parsed C implicit include dir info from above output: rv=done
  found start of include info
  found start of implicit include info
    add: [/opt/intel/compilers_and_libraries_2020.4.304/linux/tbb/include]
    add: [/usr/lib/gcc/x86_64-pc-linux-gnu/10.2.0/include]
    add: [/usr/local/include]
    add: [/usr/lib/gcc/x86_64-pc-linux-gnu/10.2.0/include-fixed]
    add: [/usr/include]
  end of search list found
  collapse include dir [/opt/intel/compilers_and_libraries_2020.4.304/linux/tbb/include] ==> [/opt/intel/compilers_and_libraries_2020.4.304/linux/tbb/include]
  collapse include dir [/usr/lib/gcc/x86_64-pc-linux-gnu/10.2.0/include] ==> [/usr/lib/gcc/x86_64-pc-linux-gnu/10.2.0/include]
  collapse include dir [/usr/local/include] ==> [/usr/local/include]
  collapse include dir [/usr/lib/gcc/x86_64-pc-linux-gnu/10.2.0/include-fixed] ==> [/usr/lib/gcc/x86_64-pc-linux-gnu/10.2.0/include-fixed]
  collapse include dir [/usr/include] ==> [/usr/include]
  implicit include dirs: [/opt/intel/compilers_and_libraries_2020.4.304/linux/tbb/include;/usr/lib/gcc/x86_64-pc-linux-gnu/10.2.0/include;/usr/local/include;/usr/lib/gcc/x86_64-pc-linux-gnu/10.2.0/include-fixed;/usr/include]


Parsed C implicit link information from above output:
  link line regex: [^( *|.*[/\])(ld|CMAKE_LINK_STARTFILE-NOTFOUND|([^/\]+-)?ld|collect2)[^/\]*( |$)]
  ignore line: [Change Dir: /tmp/c--example/cmake-build-debug/CMakeFiles/CMakeTmp]
  ignore line: []
  ignore line: [Run Build Command(s):/usr/bin/make cmTC_606ca/fast && /usr/bin/make  -f CMakeFiles/cmTC_606ca.dir/build.make CMakeFiles/cmTC_606ca.dir/build]
  ignore line: [make[1]: Entering directory '/tmp/c--example/cmake-build-debug/CMakeFiles/CMakeTmp']
  ignore line: [Building C object CMakeFiles/cmTC_606ca.dir/CMakeCCompilerABI.c.o]
  ignore line: [/usr/bin/cc   -v -o CMakeFiles/cmTC_606ca.dir/CMakeCCompilerABI.c.o   -c /home/carlosal1015/.local/share/JetBrains/Toolbox/apps/CLion/ch-0/203.7717.62/bin/cmake/linux/share/cmake-3.17/Modules/CMakeCCompilerABI.c]
  ignore line: [Using built-in specs.]
  ignore line: [COLLECT_GCC=/usr/bin/cc]
  ignore line: [Target: x86_64-pc-linux-gnu]
  ignore line: [Configured with: /build/gcc/src/gcc/configure --prefix=/usr --libdir=/usr/lib --libexecdir=/usr/lib --mandir=/usr/share/man --infodir=/usr/share/info --with-bugurl=https://bugs.archlinux.org/ --enable-languages=c c++ ada fortran go lto objc obj-c++ d --with-isl --with-linker-hash-style=gnu --with-system-zlib --enable-__cxa_atexit --enable-cet=auto --enable-checking=release --enable-clocale=gnu --enable-default-pie --enable-default-ssp --enable-gnu-indirect-function --enable-gnu-unique-object --enable-install-libiberty --enable-linker-build-id --enable-lto --enable-multilib --enable-plugin --enable-shared --enable-threads=posix --disable-libssp --disable-libstdcxx-pch --disable-libunwind-exceptions --disable-werror gdc_include_dir=/usr/include/dlang/gdc]
  ignore line: [Thread model: posix]
  ignore line: [Supported LTO compression algorithms: zlib zstd]
  ignore line: [gcc version 10.2.0 (GCC) ]
  ignore line: [COLLECT_GCC_OPTIONS='-v' '-o' 'CMakeFiles/cmTC_606ca.dir/CMakeCCompilerABI.c.o' '-c' '-mtune=generic' '-march=x86-64']
  ignore line: [ /usr/lib/gcc/x86_64-pc-linux-gnu/10.2.0/cc1 -quiet -v /home/carlosal1015/.local/share/JetBrains/Toolbox/apps/CLion/ch-0/203.7717.62/bin/cmake/linux/share/cmake-3.17/Modules/CMakeCCompilerABI.c -quiet -dumpbase CMakeCCompilerABI.c -mtune=generic -march=x86-64 -auxbase-strip CMakeFiles/cmTC_606ca.dir/CMakeCCompilerABI.c.o -version -o /tmp/cc6PftJ5.s]
  ignore line: [GNU C17 (GCC) version 10.2.0 (x86_64-pc-linux-gnu)]
  ignore line: [	compiled by GNU C version 10.2.0  GMP version 6.2.1  MPFR version 4.1.0  MPC version 1.2.1  isl version isl-0.21-GMP]
  ignore line: []
  ignore line: [GGC heuristics: --param ggc-min-expand=100 --param ggc-min-heapsize=131072]
  ignore line: [ignoring nonexistent directory "/usr/lib/gcc/x86_64-pc-linux-gnu/10.2.0/../../../../x86_64-pc-linux-gnu/include"]
  ignore line: [ignoring nonexistent directory "SUBSTITUTE_INSTALL_DIR_HERE/include"]
  ignore line: [ignoring nonexistent directory "SUBSTITUTE_INSTALL_DIR_HERE/stdlib"]
  ignore line: [ignoring nonexistent directory "SUBSTITUTE_INSTALL_DIR_HERE/include"]
  ignore line: [ignoring nonexistent directory "SUBSTITUTE_INSTALL_DIR_HERE/stdlib"]
  ignore line: [ignoring duplicate directory "/opt/intel/compilers_and_libraries_2020.4.304/linux/tbb/include"]
  ignore line: [#include "..." search starts here:]
  ignore line: [#include <...> search starts here:]
  ignore line: [ /opt/intel/compilers_and_libraries_2020.4.304/linux/tbb/include]
  ignore line: [ /usr/lib/gcc/x86_64-pc-linux-gnu/10.2.0/include]
  ignore line: [ /usr/local/include]
  ignore line: [ /usr/lib/gcc/x86_64-pc-linux-gnu/10.2.0/include-fixed]
  ignore line: [ /usr/include]
  ignore line: [End of search list.]
  ignore line: [GNU C17 (GCC) version 10.2.0 (x86_64-pc-linux-gnu)]
  ignore line: [	compiled by GNU C version 10.2.0  GMP version 6.2.1  MPFR version 4.1.0  MPC version 1.2.1  isl version isl-0.21-GMP]
  ignore line: []
  ignore line: [GGC heuristics: --param ggc-min-expand=100 --param ggc-min-heapsize=131072]
  ignore line: [Compiler executable checksum: 1bfc39bab4733e0e3f89254efa5bbd30]
  ignore line: [COLLECT_GCC_OPTIONS='-v' '-o' 'CMakeFiles/cmTC_606ca.dir/CMakeCCompilerABI.c.o' '-c' '-mtune=generic' '-march=x86-64']
  ignore line: [ as -v --64 -o CMakeFiles/cmTC_606ca.dir/CMakeCCompilerABI.c.o /tmp/cc6PftJ5.s]
  ignore line: [GNU assembler version 2.36.1 (x86_64-pc-linux-gnu) using BFD version (GNU Binutils) 2.36.1]
  ignore line: [COMPILER_PATH=/usr/lib/gcc/x86_64-pc-linux-gnu/10.2.0/:/usr/lib/gcc/x86_64-pc-linux-gnu/10.2.0/:/usr/lib/gcc/x86_64-pc-linux-gnu/:/usr/lib/gcc/x86_64-pc-linux-gnu/10.2.0/:/usr/lib/gcc/x86_64-pc-linux-gnu/]
  ignore line: [LIBRARY_PATH=/opt/intel/compilers_and_libraries_2020.4.304/linux/mpi/intel64/libfabric/lib/../lib/:/opt/intel/compilers_and_libraries_2020.4.304/linux/mpi/intel64/libfabric/lib/../lib/:/usr/lib/gcc/x86_64-pc-linux-gnu/10.2.0/:/usr/lib/gcc/x86_64-pc-linux-gnu/10.2.0/../../../../lib/:/lib/../lib/:/usr/lib/../lib/:/opt/intel/compilers_and_libraries_2020.4.304/linux/mpi/intel64/libfabric/lib/:/opt/intel/compilers_and_libraries_2020.4.304/linux/tbb/lib/intel64/gcc4.8/:/opt/intel/compilers_and_libraries_2020.4.304/linux/mpi/intel64/libfabric/lib/:/opt/intel/compilers_and_libraries_2020.4.304/linux/tbb/lib/intel64/gcc4.8/:/usr/lib/gcc/x86_64-pc-linux-gnu/10.2.0/../../../:/lib/:/usr/lib/]
  ignore line: [COLLECT_GCC_OPTIONS='-v' '-o' 'CMakeFiles/cmTC_606ca.dir/CMakeCCompilerABI.c.o' '-c' '-mtune=generic' '-march=x86-64']
  ignore line: [Linking C executable cmTC_606ca]
  ignore line: [/home/carlosal1015/.local/share/JetBrains/Toolbox/apps/CLion/ch-0/203.7717.62/bin/cmake/linux/bin/cmake -E cmake_link_script CMakeFiles/cmTC_606ca.dir/link.txt --verbose=1]
  ignore line: [/usr/bin/cc     -v CMakeFiles/cmTC_606ca.dir/CMakeCCompilerABI.c.o  -o cmTC_606ca ]
  ignore line: [Using built-in specs.]
  ignore line: [COLLECT_GCC=/usr/bin/cc]
  ignore line: [COLLECT_LTO_WRAPPER=/usr/lib/gcc/x86_64-pc-linux-gnu/10.2.0/lto-wrapper]
  ignore line: [Target: x86_64-pc-linux-gnu]
  ignore line: [Configured with: /build/gcc/src/gcc/configure --prefix=/usr --libdir=/usr/lib --libexecdir=/usr/lib --mandir=/usr/share/man --infodir=/usr/share/info --with-bugurl=https://bugs.archlinux.org/ --enable-languages=c c++ ada fortran go lto objc obj-c++ d --with-isl --with-linker-hash-style=gnu --with-system-zlib --enable-__cxa_atexit --enable-cet=auto --enable-checking=release --enable-clocale=gnu --enable-default-pie --enable-default-ssp --enable-gnu-indirect-function --enable-gnu-unique-object --enable-install-libiberty --enable-linker-build-id --enable-lto --enable-multilib --enable-plugin --enable-shared --enable-threads=posix --disable-libssp --disable-libstdcxx-pch --disable-libunwind-exceptions --disable-werror gdc_include_dir=/usr/include/dlang/gdc]
  ignore line: [Thread model: posix]
  ignore line: [Supported LTO compression algorithms: zlib zstd]
  ignore line: [gcc version 10.2.0 (GCC) ]
  ignore line: [COMPILER_PATH=/usr/lib/gcc/x86_64-pc-linux-gnu/10.2.0/:/usr/lib/gcc/x86_64-pc-linux-gnu/10.2.0/:/usr/lib/gcc/x86_64-pc-linux-gnu/:/usr/lib/gcc/x86_64-pc-linux-gnu/10.2.0/:/usr/lib/gcc/x86_64-pc-linux-gnu/]
  ignore line: [LIBRARY_PATH=/opt/intel/compilers_and_libraries_2020.4.304/linux/mpi/intel64/libfabric/lib/../lib/:/opt/intel/compilers_and_libraries_2020.4.304/linux/mpi/intel64/libfabric/lib/../lib/:/usr/lib/gcc/x86_64-pc-linux-gnu/10.2.0/:/usr/lib/gcc/x86_64-pc-linux-gnu/10.2.0/../../../../lib/:/lib/../lib/:/usr/lib/../lib/:/opt/intel/compilers_and_libraries_2020.4.304/linux/mpi/intel64/libfabric/lib/:/opt/intel/compilers_and_libraries_2020.4.304/linux/tbb/lib/intel64/gcc4.8/:/opt/intel/compilers_and_libraries_2020.4.304/linux/mpi/intel64/libfabric/lib/:/opt/intel/compilers_and_libraries_2020.4.304/linux/tbb/lib/intel64/gcc4.8/:/usr/lib/gcc/x86_64-pc-linux-gnu/10.2.0/../../../:/lib/:/usr/lib/]
  ignore line: [COLLECT_GCC_OPTIONS='-v' '-o' 'cmTC_606ca' '-mtune=generic' '-march=x86-64']
  link line: [ /usr/lib/gcc/x86_64-pc-linux-gnu/10.2.0/collect2 -plugin /usr/lib/gcc/x86_64-pc-linux-gnu/10.2.0/liblto_plugin.so -plugin-opt=/usr/lib/gcc/x86_64-pc-linux-gnu/10.2.0/lto-wrapper -plugin-opt=-fresolution=/tmp/cc7gXadb.res -plugin-opt=-pass-through=-lgcc -plugin-opt=-pass-through=-lgcc_s -plugin-opt=-pass-through=-lc -plugin-opt=-pass-through=-lgcc -plugin-opt=-pass-through=-lgcc_s --build-id --eh-frame-hdr --hash-style=gnu -m elf_x86_64 -dynamic-linker /lib64/ld-linux-x86-64.so.2 -pie -o cmTC_606ca /usr/lib/gcc/x86_64-pc-linux-gnu/10.2.0/../../../../lib/Scrt1.o /usr/lib/gcc/x86_64-pc-linux-gnu/10.2.0/../../../../lib/crti.o /usr/lib/gcc/x86_64-pc-linux-gnu/10.2.0/crtbeginS.o -L/opt/intel/compilers_and_libraries_2020.4.304/linux/mpi/intel64/libfabric/lib/../lib -L/opt/intel/compilers_and_libraries_2020.4.304/linux/mpi/intel64/libfabric/lib/../lib -L/usr/lib/gcc/x86_64-pc-linux-gnu/10.2.0 -L/usr/lib/gcc/x86_64-pc-linux-gnu/10.2.0/../../../../lib -L/lib/../lib -L/usr/lib/../lib -L/opt/intel/compilers_and_libraries_2020.4.304/linux/mpi/intel64/libfabric/lib -L/opt/intel/compilers_and_libraries_2020.4.304/linux/tbb/lib/intel64/gcc4.8 -L/opt/intel/compilers_and_libraries_2020.4.304/linux/mpi/intel64/libfabric/lib -L/opt/intel/compilers_and_libraries_2020.4.304/linux/tbb/lib/intel64/gcc4.8 -L/usr/lib/gcc/x86_64-pc-linux-gnu/10.2.0/../../.. CMakeFiles/cmTC_606ca.dir/CMakeCCompilerABI.c.o -lgcc --push-state --as-needed -lgcc_s --pop-state -lc -lgcc --push-state --as-needed -lgcc_s --pop-state /usr/lib/gcc/x86_64-pc-linux-gnu/10.2.0/crtendS.o /usr/lib/gcc/x86_64-pc-linux-gnu/10.2.0/../../../../lib/crtn.o]
    arg [/usr/lib/gcc/x86_64-pc-linux-gnu/10.2.0/collect2] ==> ignore
    arg [-plugin] ==> ignore
    arg [/usr/lib/gcc/x86_64-pc-linux-gnu/10.2.0/liblto_plugin.so] ==> ignore
    arg [-plugin-opt=/usr/lib/gcc/x86_64-pc-linux-gnu/10.2.0/lto-wrapper] ==> ignore
    arg [-plugin-opt=-fresolution=/tmp/cc7gXadb.res] ==> ignore
    arg [-plugin-opt=-pass-through=-lgcc] ==> ignore
    arg [-plugin-opt=-pass-through=-lgcc_s] ==> ignore
    arg [-plugin-opt=-pass-through=-lc] ==> ignore
    arg [-plugin-opt=-pass-through=-lgcc] ==> ignore
    arg [-plugin-opt=-pass-through=-lgcc_s] ==> ignore
    arg [--build-id] ==> ignore
    arg [--eh-frame-hdr] ==> ignore
    arg [--hash-style=gnu] ==> ignore
    arg [-m] ==> ignore
    arg [elf_x86_64] ==> ignore
    arg [-dynamic-linker] ==> ignore
    arg [/lib64/ld-linux-x86-64.so.2] ==> ignore
    arg [-pie] ==> ignore
    arg [-o] ==> ignore
    arg [cmTC_606ca] ==> ignore
    arg [/usr/lib/gcc/x86_64-pc-linux-gnu/10.2.0/../../../../lib/Scrt1.o] ==> ignore
    arg [/usr/lib/gcc/x86_64-pc-linux-gnu/10.2.0/../../../../lib/crti.o] ==> ignore
    arg [/usr/lib/gcc/x86_64-pc-linux-gnu/10.2.0/crtbeginS.o] ==> ignore
    arg [-L/opt/intel/compilers_and_libraries_2020.4.304/linux/mpi/intel64/libfabric/lib/../lib] ==> dir [/opt/intel/compilers_and_libraries_2020.4.304/linux/mpi/intel64/libfabric/lib/../lib]
    arg [-L/opt/intel/compilers_and_libraries_2020.4.304/linux/mpi/intel64/libfabric/lib/../lib] ==> dir [/opt/intel/compilers_and_libraries_2020.4.304/linux/mpi/intel64/libfabric/lib/../lib]
    arg [-L/usr/lib/gcc/x86_64-pc-linux-gnu/10.2.0] ==> dir [/usr/lib/gcc/x86_64-pc-linux-gnu/10.2.0]
    arg [-L/usr/lib/gcc/x86_64-pc-linux-gnu/10.2.0/../../../../lib] ==> dir [/usr/lib/gcc/x86_64-pc-linux-gnu/10.2.0/../../../../lib]
    arg [-L/lib/../lib] ==> dir [/lib/../lib]
    arg [-L/usr/lib/../lib] ==> dir [/usr/lib/../lib]
    arg [-L/opt/intel/compilers_and_libraries_2020.4.304/linux/mpi/intel64/libfabric/lib] ==> dir [/opt/intel/compilers_and_libraries_2020.4.304/linux/mpi/intel64/libfabric/lib]
    arg [-L/opt/intel/compilers_and_libraries_2020.4.304/linux/tbb/lib/intel64/gcc4.8] ==> dir [/opt/intel/compilers_and_libraries_2020.4.304/linux/tbb/lib/intel64/gcc4.8]
    arg [-L/opt/intel/compilers_and_libraries_2020.4.304/linux/mpi/intel64/libfabric/lib] ==> dir [/opt/intel/compilers_and_libraries_2020.4.304/linux/mpi/intel64/libfabric/lib]
    arg [-L/opt/intel/compilers_and_libraries_2020.4.304/linux/tbb/lib/intel64/gcc4.8] ==> dir [/opt/intel/compilers_and_libraries_2020.4.304/linux/tbb/lib/intel64/gcc4.8]
    arg [-L/usr/lib/gcc/x86_64-pc-linux-gnu/10.2.0/../../..] ==> dir [/usr/lib/gcc/x86_64-pc-linux-gnu/10.2.0/../../..]
    arg [CMakeFiles/cmTC_606ca.dir/CMakeCCompilerABI.c.o] ==> ignore
    arg [-lgcc] ==> lib [gcc]
    arg [--push-state] ==> ignore
    arg [--as-needed] ==> ignore
    arg [-lgcc_s] ==> lib [gcc_s]
    arg [--pop-state] ==> ignore
    arg [-lc] ==> lib [c]
    arg [-lgcc] ==> lib [gcc]
    arg [--push-state] ==> ignore
    arg [--as-needed] ==> ignore
    arg [-lgcc_s] ==> lib [gcc_s]
    arg [--pop-state] ==> ignore
    arg [/usr/lib/gcc/x86_64-pc-linux-gnu/10.2.0/crtendS.o] ==> ignore
    arg [/usr/lib/gcc/x86_64-pc-linux-gnu/10.2.0/../../../../lib/crtn.o] ==> ignore
  collapse library dir [/opt/intel/compilers_and_libraries_2020.4.304/linux/mpi/intel64/libfabric/lib/../lib] ==> [/opt/intel/compilers_and_libraries_2020.4.304/linux/mpi/intel64/libfabric/lib]
  collapse library dir [/opt/intel/compilers_and_libraries_2020.4.304/linux/mpi/intel64/libfabric/lib/../lib] ==> [/opt/intel/compilers_and_libraries_2020.4.304/linux/mpi/intel64/libfabric/lib]
  collapse library dir [/usr/lib/gcc/x86_64-pc-linux-gnu/10.2.0] ==> [/usr/lib/gcc/x86_64-pc-linux-gnu/10.2.0]
  collapse library dir [/usr/lib/gcc/x86_64-pc-linux-gnu/10.2.0/../../../../lib] ==> [/usr/lib]
  collapse library dir [/lib/../lib] ==> [/lib]
  collapse library dir [/usr/lib/../lib] ==> [/usr/lib]
  collapse library dir [/opt/intel/compilers_and_libraries_2020.4.304/linux/mpi/intel64/libfabric/lib] ==> [/opt/intel/compilers_and_libraries_2020.4.304/linux/mpi/intel64/libfabric/lib]
  collapse library dir [/opt/intel/compilers_and_libraries_2020.4.304/linux/tbb/lib/intel64/gcc4.8] ==> [/opt/intel/compilers_and_libraries_2020.4.304/linux/tbb/lib/intel64/gcc4.8]
  collapse library dir [/opt/intel/compilers_and_libraries_2020.4.304/linux/mpi/intel64/libfabric/lib] ==> [/opt/intel/compilers_and_libraries_2020.4.304/linux/mpi/intel64/libfabric/lib]
  collapse library dir [/opt/intel/compilers_and_libraries_2020.4.304/linux/tbb/lib/intel64/gcc4.8] ==> [/opt/intel/compilers_and_libraries_2020.4.304/linux/tbb/lib/intel64/gcc4.8]
  collapse library dir [/usr/lib/gcc/x86_64-pc-linux-gnu/10.2.0/../../..] ==> [/usr/lib]
  implicit libs: [gcc;gcc_s;c;gcc;gcc_s]
  implicit dirs: [/opt/intel/compilers_and_libraries_2020.4.304/linux/mpi/intel64/libfabric/lib;/usr/lib/gcc/x86_64-pc-linux-gnu/10.2.0;/usr/lib;/lib;/opt/intel/compilers_and_libraries_2020.4.304/linux/tbb/lib/intel64/gcc4.8]
  implicit fwks: []


Determining if the CXX compiler works passed with the following output:
Change Dir: /tmp/c--example/cmake-build-debug/CMakeFiles/CMakeTmp

Run Build Command(s):/usr/bin/make cmTC_ed23c/fast && /usr/bin/make  -f CMakeFiles/cmTC_ed23c.dir/build.make CMakeFiles/cmTC_ed23c.dir/build
make[1]: Entering directory '/tmp/c--example/cmake-build-debug/CMakeFiles/CMakeTmp'
Building CXX object CMakeFiles/cmTC_ed23c.dir/testCXXCompiler.cxx.o
/usr/bin/c++     -o CMakeFiles/cmTC_ed23c.dir/testCXXCompiler.cxx.o -c /tmp/c--example/cmake-build-debug/CMakeFiles/CMakeTmp/testCXXCompiler.cxx
Linking CXX executable cmTC_ed23c
/home/carlosal1015/.local/share/JetBrains/Toolbox/apps/CLion/ch-0/203.7717.62/bin/cmake/linux/bin/cmake -E cmake_link_script CMakeFiles/cmTC_ed23c.dir/link.txt --verbose=1
/usr/bin/c++       CMakeFiles/cmTC_ed23c.dir/testCXXCompiler.cxx.o  -o cmTC_ed23c 
make[1]: Leaving directory '/tmp/c--example/cmake-build-debug/CMakeFiles/CMakeTmp'



Detecting CXX compiler ABI info compiled with the following output:
Change Dir: /tmp/c--example/cmake-build-debug/CMakeFiles/CMakeTmp

Run Build Command(s):/usr/bin/make cmTC_95ec7/fast && /usr/bin/make  -f CMakeFiles/cmTC_95ec7.dir/build.make CMakeFiles/cmTC_95ec7.dir/build
make[1]: Entering directory '/tmp/c--example/cmake-build-debug/CMakeFiles/CMakeTmp'
Building CXX object CMakeFiles/cmTC_95ec7.dir/CMakeCXXCompilerABI.cpp.o
/usr/bin/c++    -v -o CMakeFiles/cmTC_95ec7.dir/CMakeCXXCompilerABI.cpp.o -c /home/carlosal1015/.local/share/JetBrains/Toolbox/apps/CLion/ch-0/203.7717.62/bin/cmake/linux/share/cmake-3.17/Modules/CMakeCXXCompilerABI.cpp
Using built-in specs.
COLLECT_GCC=/usr/bin/c++
Target: x86_64-pc-linux-gnu
Configured with: /build/gcc/src/gcc/configure --prefix=/usr --libdir=/usr/lib --libexecdir=/usr/lib --mandir=/usr/share/man --infodir=/usr/share/info --with-bugurl=https://bugs.archlinux.org/ --enable-languages=c,c++,ada,fortran,go,lto,objc,obj-c++,d --with-isl --with-linker-hash-style=gnu --with-system-zlib --enable-__cxa_atexit --enable-cet=auto --enable-checking=release --enable-clocale=gnu --enable-default-pie --enable-default-ssp --enable-gnu-indirect-function --enable-gnu-unique-object --enable-install-libiberty --enable-linker-build-id --enable-lto --enable-multilib --enable-plugin --enable-shared --enable-threads=posix --disable-libssp --disable-libstdcxx-pch --disable-libunwind-exceptions --disable-werror gdc_include_dir=/usr/include/dlang/gdc
Thread model: posix
Supported LTO compression algorithms: zlib zstd
gcc version 10.2.0 (GCC) 
COLLECT_GCC_OPTIONS='-v' '-o' 'CMakeFiles/cmTC_95ec7.dir/CMakeCXXCompilerABI.cpp.o' '-c' '-shared-libgcc' '-mtune=generic' '-march=x86-64'
 /usr/lib/gcc/x86_64-pc-linux-gnu/10.2.0/cc1plus -quiet -v -D_GNU_SOURCE /home/carlosal1015/.local/share/JetBrains/Toolbox/apps/CLion/ch-0/203.7717.62/bin/cmake/linux/share/cmake-3.17/Modules/CMakeCXXCompilerABI.cpp -quiet -dumpbase CMakeCXXCompilerABI.cpp -mtune=generic -march=x86-64 -auxbase-strip CMakeFiles/cmTC_95ec7.dir/CMakeCXXCompilerABI.cpp.o -version -o /tmp/ccKGbPXo.s
GNU C++14 (GCC) version 10.2.0 (x86_64-pc-linux-gnu)
	compiled by GNU C version 10.2.0, GMP version 6.2.1, MPFR version 4.1.0, MPC version 1.2.1, isl version isl-0.21-GMP

GGC heuristics: --param ggc-min-expand=100 --param ggc-min-heapsize=131072
ignoring nonexistent directory "/usr/lib/gcc/x86_64-pc-linux-gnu/10.2.0/../../../../x86_64-pc-linux-gnu/include"
ignoring nonexistent directory "SUBSTITUTE_INSTALL_DIR_HERE/include"
ignoring nonexistent directory "SUBSTITUTE_INSTALL_DIR_HERE/stdlib"
ignoring nonexistent directory "SUBSTITUTE_INSTALL_DIR_HERE/include"
ignoring nonexistent directory "SUBSTITUTE_INSTALL_DIR_HERE/stdlib"
ignoring duplicate directory "/opt/intel/compilers_and_libraries_2020.4.304/linux/tbb/include"
#include "..." search starts here:
#include <...> search starts here:
 /opt/intel/compilers_and_libraries_2020.4.304/linux/tbb/include
 /usr/lib/gcc/x86_64-pc-linux-gnu/10.2.0/../../../../include/c++/10.2.0
 /usr/lib/gcc/x86_64-pc-linux-gnu/10.2.0/../../../../include/c++/10.2.0/x86_64-pc-linux-gnu
 /usr/lib/gcc/x86_64-pc-linux-gnu/10.2.0/../../../../include/c++/10.2.0/backward
 /usr/lib/gcc/x86_64-pc-linux-gnu/10.2.0/include
 /usr/local/include
 /usr/lib/gcc/x86_64-pc-linux-gnu/10.2.0/include-fixed
 /usr/include
End of search list.
GNU C++14 (GCC) version 10.2.0 (x86_64-pc-linux-gnu)
	compiled by GNU C version 10.2.0, GMP version 6.2.1, MPFR version 4.1.0, MPC version 1.2.1, isl version isl-0.21-GMP

GGC heuristics: --param ggc-min-expand=100 --param ggc-min-heapsize=131072
Compiler executable checksum: f27fb68878a84470810fd2057eccecc9
COLLECT_GCC_OPTIONS='-v' '-o' 'CMakeFiles/cmTC_95ec7.dir/CMakeCXXCompilerABI.cpp.o' '-c' '-shared-libgcc' '-mtune=generic' '-march=x86-64'
 as -v --64 -o CMakeFiles/cmTC_95ec7.dir/CMakeCXXCompilerABI.cpp.o /tmp/ccKGbPXo.s
GNU assembler version 2.36.1 (x86_64-pc-linux-gnu) using BFD version (GNU Binutils) 2.36.1
COMPILER_PATH=/usr/lib/gcc/x86_64-pc-linux-gnu/10.2.0/:/usr/lib/gcc/x86_64-pc-linux-gnu/10.2.0/:/usr/lib/gcc/x86_64-pc-linux-gnu/:/usr/lib/gcc/x86_64-pc-linux-gnu/10.2.0/:/usr/lib/gcc/x86_64-pc-linux-gnu/
LIBRARY_PATH=/opt/intel/compilers_and_libraries_2020.4.304/linux/mpi/intel64/libfabric/lib/../lib/:/opt/intel/compilers_and_libraries_2020.4.304/linux/mpi/intel64/libfabric/lib/../lib/:/usr/lib/gcc/x86_64-pc-linux-gnu/10.2.0/:/usr/lib/gcc/x86_64-pc-linux-gnu/10.2.0/../../../../lib/:/lib/../lib/:/usr/lib/../lib/:/opt/intel/compilers_and_libraries_2020.4.304/linux/mpi/intel64/libfabric/lib/:/opt/intel/compilers_and_libraries_2020.4.304/linux/tbb/lib/intel64/gcc4.8/:/opt/intel/compilers_and_libraries_2020.4.304/linux/mpi/intel64/libfabric/lib/:/opt/intel/compilers_and_libraries_2020.4.304/linux/tbb/lib/intel64/gcc4.8/:/usr/lib/gcc/x86_64-pc-linux-gnu/10.2.0/../../../:/lib/:/usr/lib/
COLLECT_GCC_OPTIONS='-v' '-o' 'CMakeFiles/cmTC_95ec7.dir/CMakeCXXCompilerABI.cpp.o' '-c' '-shared-libgcc' '-mtune=generic' '-march=x86-64'
Linking CXX executable cmTC_95ec7
/home/carlosal1015/.local/share/JetBrains/Toolbox/apps/CLion/ch-0/203.7717.62/bin/cmake/linux/bin/cmake -E cmake_link_script CMakeFiles/cmTC_95ec7.dir/link.txt --verbose=1
/usr/bin/c++      -v CMakeFiles/cmTC_95ec7.dir/CMakeCXXCompilerABI.cpp.o  -o cmTC_95ec7 
Using built-in specs.
COLLECT_GCC=/usr/bin/c++
COLLECT_LTO_WRAPPER=/usr/lib/gcc/x86_64-pc-linux-gnu/10.2.0/lto-wrapper
Target: x86_64-pc-linux-gnu
Configured with: /build/gcc/src/gcc/configure --prefix=/usr --libdir=/usr/lib --libexecdir=/usr/lib --mandir=/usr/share/man --infodir=/usr/share/info --with-bugurl=https://bugs.archlinux.org/ --enable-languages=c,c++,ada,fortran,go,lto,objc,obj-c++,d --with-isl --with-linker-hash-style=gnu --with-system-zlib --enable-__cxa_atexit --enable-cet=auto --enable-checking=release --enable-clocale=gnu --enable-default-pie --enable-default-ssp --enable-gnu-indirect-function --enable-gnu-unique-object --enable-install-libiberty --enable-linker-build-id --enable-lto --enable-multilib --enable-plugin --enable-shared --enable-threads=posix --disable-libssp --disable-libstdcxx-pch --disable-libunwind-exceptions --disable-werror gdc_include_dir=/usr/include/dlang/gdc
Thread model: posix
Supported LTO compression algorithms: zlib zstd
gcc version 10.2.0 (GCC) 
COMPILER_PATH=/usr/lib/gcc/x86_64-pc-linux-gnu/10.2.0/:/usr/lib/gcc/x86_64-pc-linux-gnu/10.2.0/:/usr/lib/gcc/x86_64-pc-linux-gnu/:/usr/lib/gcc/x86_64-pc-linux-gnu/10.2.0/:/usr/lib/gcc/x86_64-pc-linux-gnu/
LIBRARY_PATH=/opt/intel/compilers_and_libraries_2020.4.304/linux/mpi/intel64/libfabric/lib/../lib/:/opt/intel/compilers_and_libraries_2020.4.304/linux/mpi/intel64/libfabric/lib/../lib/:/usr/lib/gcc/x86_64-pc-linux-gnu/10.2.0/:/usr/lib/gcc/x86_64-pc-linux-gnu/10.2.0/../../../../lib/:/lib/../lib/:/usr/lib/../lib/:/opt/intel/compilers_and_libraries_2020.4.304/linux/mpi/intel64/libfabric/lib/:/opt/intel/compilers_and_libraries_2020.4.304/linux/tbb/lib/intel64/gcc4.8/:/opt/intel/compilers_and_libraries_2020.4.304/linux/mpi/intel64/libfabric/lib/:/opt/intel/compilers_and_libraries_2020.4.304/linux/tbb/lib/intel64/gcc4.8/:/usr/lib/gcc/x86_64-pc-linux-gnu/10.2.0/../../../:/lib/:/usr/lib/
COLLECT_GCC_OPTIONS='-v' '-o' 'cmTC_95ec7' '-shared-libgcc' '-mtune=generic' '-march=x86-64'
 /usr/lib/gcc/x86_64-pc-linux-gnu/10.2.0/collect2 -plugin /usr/lib/gcc/x86_64-pc-linux-gnu/10.2.0/liblto_plugin.so -plugin-opt=/usr/lib/gcc/x86_64-pc-linux-gnu/10.2.0/lto-wrapper -plugin-opt=-fresolution=/tmp/cctcOPpn.res -plugin-opt=-pass-through=-lgcc_s -plugin-opt=-pass-through=-lgcc -plugin-opt=-pass-through=-lc -plugin-opt=-pass-through=-lgcc_s -plugin-opt=-pass-through=-lgcc --build-id --eh-frame-hdr --hash-style=gnu -m elf_x86_64 -dynamic-linker /lib64/ld-linux-x86-64.so.2 -pie -o cmTC_95ec7 /usr/lib/gcc/x86_64-pc-linux-gnu/10.2.0/../../../../lib/Scrt1.o /usr/lib/gcc/x86_64-pc-linux-gnu/10.2.0/../../../../lib/crti.o /usr/lib/gcc/x86_64-pc-linux-gnu/10.2.0/crtbeginS.o -L/opt/intel/compilers_and_libraries_2020.4.304/linux/mpi/intel64/libfabric/lib/../lib -L/opt/intel/compilers_and_libraries_2020.4.304/linux/mpi/intel64/libfabric/lib/../lib -L/usr/lib/gcc/x86_64-pc-linux-gnu/10.2.0 -L/usr/lib/gcc/x86_64-pc-linux-gnu/10.2.0/../../../../lib -L/lib/../lib -L/usr/lib/../lib -L/opt/intel/compilers_and_libraries_2020.4.304/linux/mpi/intel64/libfabric/lib -L/opt/intel/compilers_and_libraries_2020.4.304/linux/tbb/lib/intel64/gcc4.8 -L/opt/intel/compilers_and_libraries_2020.4.304/linux/mpi/intel64/libfabric/lib -L/opt/intel/compilers_and_libraries_2020.4.304/linux/tbb/lib/intel64/gcc4.8 -L/usr/lib/gcc/x86_64-pc-linux-gnu/10.2.0/../../.. CMakeFiles/cmTC_95ec7.dir/CMakeCXXCompilerABI.cpp.o -lstdc++ -lm -lgcc_s -lgcc -lc -lgcc_s -lgcc /usr/lib/gcc/x86_64-pc-linux-gnu/10.2.0/crtendS.o /usr/lib/gcc/x86_64-pc-linux-gnu/10.2.0/../../../../lib/crtn.o
COLLECT_GCC_OPTIONS='-v' '-o' 'cmTC_95ec7' '-shared-libgcc' '-mtune=generic' '-march=x86-64'
make[1]: Leaving directory '/tmp/c--example/cmake-build-debug/CMakeFiles/CMakeTmp'



Parsed CXX implicit include dir info from above output: rv=done
  found start of include info
  found start of implicit include info
    add: [/opt/intel/compilers_and_libraries_2020.4.304/linux/tbb/include]
    add: [/usr/lib/gcc/x86_64-pc-linux-gnu/10.2.0/../../../../include/c++/10.2.0]
    add: [/usr/lib/gcc/x86_64-pc-linux-gnu/10.2.0/../../../../include/c++/10.2.0/x86_64-pc-linux-gnu]
    add: [/usr/lib/gcc/x86_64-pc-linux-gnu/10.2.0/../../../../include/c++/10.2.0/backward]
    add: [/usr/lib/gcc/x86_64-pc-linux-gnu/10.2.0/include]
    add: [/usr/local/include]
    add: [/usr/lib/gcc/x86_64-pc-linux-gnu/10.2.0/include-fixed]
    add: [/usr/include]
  end of search list found
  collapse include dir [/opt/intel/compilers_and_libraries_2020.4.304/linux/tbb/include] ==> [/opt/intel/compilers_and_libraries_2020.4.304/linux/tbb/include]
  collapse include dir [/usr/lib/gcc/x86_64-pc-linux-gnu/10.2.0/../../../../include/c++/10.2.0] ==> [/usr/include/c++/10.2.0]
  collapse include dir [/usr/lib/gcc/x86_64-pc-linux-gnu/10.2.0/../../../../include/c++/10.2.0/x86_64-pc-linux-gnu] ==> [/usr/include/c++/10.2.0/x86_64-pc-linux-gnu]
  collapse include dir [/usr/lib/gcc/x86_64-pc-linux-gnu/10.2.0/../../../../include/c++/10.2.0/backward] ==> [/usr/include/c++/10.2.0/backward]
  collapse include dir [/usr/lib/gcc/x86_64-pc-linux-gnu/10.2.0/include] ==> [/usr/lib/gcc/x86_64-pc-linux-gnu/10.2.0/include]
  collapse include dir [/usr/local/include] ==> [/usr/local/include]
  collapse include dir [/usr/lib/gcc/x86_64-pc-linux-gnu/10.2.0/include-fixed] ==> [/usr/lib/gcc/x86_64-pc-linux-gnu/10.2.0/include-fixed]
  collapse include dir [/usr/include] ==> [/usr/include]
  implicit include dirs: [/opt/intel/compilers_and_libraries_2020.4.304/linux/tbb/include;/usr/include/c++/10.2.0;/usr/include/c++/10.2.0/x86_64-pc-linux-gnu;/usr/include/c++/10.2.0/backward;/usr/lib/gcc/x86_64-pc-linux-gnu/10.2.0/include;/usr/local/include;/usr/lib/gcc/x86_64-pc-linux-gnu/10.2.0/include-fixed;/usr/include]


Parsed CXX implicit link information from above output:
  link line regex: [^( *|.*[/\])(ld|CMAKE_LINK_STARTFILE-NOTFOUND|([^/\]+-)?ld|collect2)[^/\]*( |$)]
  ignore line: [Change Dir: /tmp/c--example/cmake-build-debug/CMakeFiles/CMakeTmp]
  ignore line: []
  ignore line: [Run Build Command(s):/usr/bin/make cmTC_95ec7/fast && /usr/bin/make  -f CMakeFiles/cmTC_95ec7.dir/build.make CMakeFiles/cmTC_95ec7.dir/build]
  ignore line: [make[1]: Entering directory '/tmp/c--example/cmake-build-debug/CMakeFiles/CMakeTmp']
  ignore line: [Building CXX object CMakeFiles/cmTC_95ec7.dir/CMakeCXXCompilerABI.cpp.o]
  ignore line: [/usr/bin/c++    -v -o CMakeFiles/cmTC_95ec7.dir/CMakeCXXCompilerABI.cpp.o -c /home/carlosal1015/.local/share/JetBrains/Toolbox/apps/CLion/ch-0/203.7717.62/bin/cmake/linux/share/cmake-3.17/Modules/CMakeCXXCompilerABI.cpp]
  ignore line: [Using built-in specs.]
  ignore line: [COLLECT_GCC=/usr/bin/c++]
  ignore line: [Target: x86_64-pc-linux-gnu]
  ignore line: [Configured with: /build/gcc/src/gcc/configure --prefix=/usr --libdir=/usr/lib --libexecdir=/usr/lib --mandir=/usr/share/man --infodir=/usr/share/info --with-bugurl=https://bugs.archlinux.org/ --enable-languages=c c++ ada fortran go lto objc obj-c++ d --with-isl --with-linker-hash-style=gnu --with-system-zlib --enable-__cxa_atexit --enable-cet=auto --enable-checking=release --enable-clocale=gnu --enable-default-pie --enable-default-ssp --enable-gnu-indirect-function --enable-gnu-unique-object --enable-install-libiberty --enable-linker-build-id --enable-lto --enable-multilib --enable-plugin --enable-shared --enable-threads=posix --disable-libssp --disable-libstdcxx-pch --disable-libunwind-exceptions --disable-werror gdc_include_dir=/usr/include/dlang/gdc]
  ignore line: [Thread model: posix]
  ignore line: [Supported LTO compression algorithms: zlib zstd]
  ignore line: [gcc version 10.2.0 (GCC) ]
  ignore line: [COLLECT_GCC_OPTIONS='-v' '-o' 'CMakeFiles/cmTC_95ec7.dir/CMakeCXXCompilerABI.cpp.o' '-c' '-shared-libgcc' '-mtune=generic' '-march=x86-64']
  ignore line: [ /usr/lib/gcc/x86_64-pc-linux-gnu/10.2.0/cc1plus -quiet -v -D_GNU_SOURCE /home/carlosal1015/.local/share/JetBrains/Toolbox/apps/CLion/ch-0/203.7717.62/bin/cmake/linux/share/cmake-3.17/Modules/CMakeCXXCompilerABI.cpp -quiet -dumpbase CMakeCXXCompilerABI.cpp -mtune=generic -march=x86-64 -auxbase-strip CMakeFiles/cmTC_95ec7.dir/CMakeCXXCompilerABI.cpp.o -version -o /tmp/ccKGbPXo.s]
  ignore line: [GNU C++14 (GCC) version 10.2.0 (x86_64-pc-linux-gnu)]
  ignore line: [	compiled by GNU C version 10.2.0  GMP version 6.2.1  MPFR version 4.1.0  MPC version 1.2.1  isl version isl-0.21-GMP]
  ignore line: []
  ignore line: [GGC heuristics: --param ggc-min-expand=100 --param ggc-min-heapsize=131072]
  ignore line: [ignoring nonexistent directory "/usr/lib/gcc/x86_64-pc-linux-gnu/10.2.0/../../../../x86_64-pc-linux-gnu/include"]
  ignore line: [ignoring nonexistent directory "SUBSTITUTE_INSTALL_DIR_HERE/include"]
  ignore line: [ignoring nonexistent directory "SUBSTITUTE_INSTALL_DIR_HERE/stdlib"]
  ignore line: [ignoring nonexistent directory "SUBSTITUTE_INSTALL_DIR_HERE/include"]
  ignore line: [ignoring nonexistent directory "SUBSTITUTE_INSTALL_DIR_HERE/stdlib"]
  ignore line: [ignoring duplicate directory "/opt/intel/compilers_and_libraries_2020.4.304/linux/tbb/include"]
  ignore line: [#include "..." search starts here:]
  ignore line: [#include <...> search starts here:]
  ignore line: [ /opt/intel/compilers_and_libraries_2020.4.304/linux/tbb/include]
  ignore line: [ /usr/lib/gcc/x86_64-pc-linux-gnu/10.2.0/../../../../include/c++/10.2.0]
  ignore line: [ /usr/lib/gcc/x86_64-pc-linux-gnu/10.2.0/../../../../include/c++/10.2.0/x86_64-pc-linux-gnu]
  ignore line: [ /usr/lib/gcc/x86_64-pc-linux-gnu/10.2.0/../../../../include/c++/10.2.0/backward]
  ignore line: [ /usr/lib/gcc/x86_64-pc-linux-gnu/10.2.0/include]
  ignore line: [ /usr/local/include]
  ignore line: [ /usr/lib/gcc/x86_64-pc-linux-gnu/10.2.0/include-fixed]
  ignore line: [ /usr/include]
  ignore line: [End of search list.]
  ignore line: [GNU C++14 (GCC) version 10.2.0 (x86_64-pc-linux-gnu)]
  ignore line: [	compiled by GNU C version 10.2.0  GMP version 6.2.1  MPFR version 4.1.0  MPC version 1.2.1  isl version isl-0.21-GMP]
  ignore line: []
  ignore line: [GGC heuristics: --param ggc-min-expand=100 --param ggc-min-heapsize=131072]
  ignore line: [Compiler executable checksum: f27fb68878a84470810fd2057eccecc9]
  ignore line: [COLLECT_GCC_OPTIONS='-v' '-o' 'CMakeFiles/cmTC_95ec7.dir/CMakeCXXCompilerABI.cpp.o' '-c' '-shared-libgcc' '-mtune=generic' '-march=x86-64']
  ignore line: [ as -v --64 -o CMakeFiles/cmTC_95ec7.dir/CMakeCXXCompilerABI.cpp.o /tmp/ccKGbPXo.s]
  ignore line: [GNU assembler version 2.36.1 (x86_64-pc-linux-gnu) using BFD version (GNU Binutils) 2.36.1]
  ignore line: [COMPILER_PATH=/usr/lib/gcc/x86_64-pc-linux-gnu/10.2.0/:/usr/lib/gcc/x86_64-pc-linux-gnu/10.2.0/:/usr/lib/gcc/x86_64-pc-linux-gnu/:/usr/lib/gcc/x86_64-pc-linux-gnu/10.2.0/:/usr/lib/gcc/x86_64-pc-linux-gnu/]
  ignore line: [LIBRARY_PATH=/opt/intel/compilers_and_libraries_2020.4.304/linux/mpi/intel64/libfabric/lib/../lib/:/opt/intel/compilers_and_libraries_2020.4.304/linux/mpi/intel64/libfabric/lib/../lib/:/usr/lib/gcc/x86_64-pc-linux-gnu/10.2.0/:/usr/lib/gcc/x86_64-pc-linux-gnu/10.2.0/../../../../lib/:/lib/../lib/:/usr/lib/../lib/:/opt/intel/compilers_and_libraries_2020.4.304/linux/mpi/intel64/libfabric/lib/:/opt/intel/compilers_and_libraries_2020.4.304/linux/tbb/lib/intel64/gcc4.8/:/opt/intel/compilers_and_libraries_2020.4.304/linux/mpi/intel64/libfabric/lib/:/opt/intel/compilers_and_libraries_2020.4.304/linux/tbb/lib/intel64/gcc4.8/:/usr/lib/gcc/x86_64-pc-linux-gnu/10.2.0/../../../:/lib/:/usr/lib/]
  ignore line: [COLLECT_GCC_OPTIONS='-v' '-o' 'CMakeFiles/cmTC_95ec7.dir/CMakeCXXCompilerABI.cpp.o' '-c' '-shared-libgcc' '-mtune=generic' '-march=x86-64']
  ignore line: [Linking CXX executable cmTC_95ec7]
  ignore line: [/home/carlosal1015/.local/share/JetBrains/Toolbox/apps/CLion/ch-0/203.7717.62/bin/cmake/linux/bin/cmake -E cmake_link_script CMakeFiles/cmTC_95ec7.dir/link.txt --verbose=1]
  ignore line: [/usr/bin/c++      -v CMakeFiles/cmTC_95ec7.dir/CMakeCXXCompilerABI.cpp.o  -o cmTC_95ec7 ]
  ignore line: [Using built-in specs.]
  ignore line: [COLLECT_GCC=/usr/bin/c++]
  ignore line: [COLLECT_LTO_WRAPPER=/usr/lib/gcc/x86_64-pc-linux-gnu/10.2.0/lto-wrapper]
  ignore line: [Target: x86_64-pc-linux-gnu]
  ignore line: [Configured with: /build/gcc/src/gcc/configure --prefix=/usr --libdir=/usr/lib --libexecdir=/usr/lib --mandir=/usr/share/man --infodir=/usr/share/info --with-bugurl=https://bugs.archlinux.org/ --enable-languages=c c++ ada fortran go lto objc obj-c++ d --with-isl --with-linker-hash-style=gnu --with-system-zlib --enable-__cxa_atexit --enable-cet=auto --enable-checking=release --enable-clocale=gnu --enable-default-pie --enable-default-ssp --enable-gnu-indirect-function --enable-gnu-unique-object --enable-install-libiberty --enable-linker-build-id --enable-lto --enable-multilib --enable-plugin --enable-shared --enable-threads=posix --disable-libssp --disable-libstdcxx-pch --disable-libunwind-exceptions --disable-werror gdc_include_dir=/usr/include/dlang/gdc]
  ignore line: [Thread model: posix]
  ignore line: [Supported LTO compression algorithms: zlib zstd]
  ignore line: [gcc version 10.2.0 (GCC) ]
  ignore line: [COMPILER_PATH=/usr/lib/gcc/x86_64-pc-linux-gnu/10.2.0/:/usr/lib/gcc/x86_64-pc-linux-gnu/10.2.0/:/usr/lib/gcc/x86_64-pc-linux-gnu/:/usr/lib/gcc/x86_64-pc-linux-gnu/10.2.0/:/usr/lib/gcc/x86_64-pc-linux-gnu/]
  ignore line: [LIBRARY_PATH=/opt/intel/compilers_and_libraries_2020.4.304/linux/mpi/intel64/libfabric/lib/../lib/:/opt/intel/compilers_and_libraries_2020.4.304/linux/mpi/intel64/libfabric/lib/../lib/:/usr/lib/gcc/x86_64-pc-linux-gnu/10.2.0/:/usr/lib/gcc/x86_64-pc-linux-gnu/10.2.0/../../../../lib/:/lib/../lib/:/usr/lib/../lib/:/opt/intel/compilers_and_libraries_2020.4.304/linux/mpi/intel64/libfabric/lib/:/opt/intel/compilers_and_libraries_2020.4.304/linux/tbb/lib/intel64/gcc4.8/:/opt/intel/compilers_and_libraries_2020.4.304/linux/mpi/intel64/libfabric/lib/:/opt/intel/compilers_and_libraries_2020.4.304/linux/tbb/lib/intel64/gcc4.8/:/usr/lib/gcc/x86_64-pc-linux-gnu/10.2.0/../../../:/lib/:/usr/lib/]
  ignore line: [COLLECT_GCC_OPTIONS='-v' '-o' 'cmTC_95ec7' '-shared-libgcc' '-mtune=generic' '-march=x86-64']
  link line: [ /usr/lib/gcc/x86_64-pc-linux-gnu/10.2.0/collect2 -plugin /usr/lib/gcc/x86_64-pc-linux-gnu/10.2.0/liblto_plugin.so -plugin-opt=/usr/lib/gcc/x86_64-pc-linux-gnu/10.2.0/lto-wrapper -plugin-opt=-fresolution=/tmp/cctcOPpn.res -plugin-opt=-pass-through=-lgcc_s -plugin-opt=-pass-through=-lgcc -plugin-opt=-pass-through=-lc -plugin-opt=-pass-through=-lgcc_s -plugin-opt=-pass-through=-lgcc --build-id --eh-frame-hdr --hash-style=gnu -m elf_x86_64 -dynamic-linker /lib64/ld-linux-x86-64.so.2 -pie -o cmTC_95ec7 /usr/lib/gcc/x86_64-pc-linux-gnu/10.2.0/../../../../lib/Scrt1.o /usr/lib/gcc/x86_64-pc-linux-gnu/10.2.0/../../../../lib/crti.o /usr/lib/gcc/x86_64-pc-linux-gnu/10.2.0/crtbeginS.o -L/opt/intel/compilers_and_libraries_2020.4.304/linux/mpi/intel64/libfabric/lib/../lib -L/opt/intel/compilers_and_libraries_2020.4.304/linux/mpi/intel64/libfabric/lib/../lib -L/usr/lib/gcc/x86_64-pc-linux-gnu/10.2.0 -L/usr/lib/gcc/x86_64-pc-linux-gnu/10.2.0/../../../../lib -L/lib/../lib -L/usr/lib/../lib -L/opt/intel/compilers_and_libraries_2020.4.304/linux/mpi/intel64/libfabric/lib -L/opt/intel/compilers_and_libraries_2020.4.304/linux/tbb/lib/intel64/gcc4.8 -L/opt/intel/compilers_and_libraries_2020.4.304/linux/mpi/intel64/libfabric/lib -L/opt/intel/compilers_and_libraries_2020.4.304/linux/tbb/lib/intel64/gcc4.8 -L/usr/lib/gcc/x86_64-pc-linux-gnu/10.2.0/../../.. CMakeFiles/cmTC_95ec7.dir/CMakeCXXCompilerABI.cpp.o -lstdc++ -lm -lgcc_s -lgcc -lc -lgcc_s -lgcc /usr/lib/gcc/x86_64-pc-linux-gnu/10.2.0/crtendS.o /usr/lib/gcc/x86_64-pc-linux-gnu/10.2.0/../../../../lib/crtn.o]
    arg [/usr/lib/gcc/x86_64-pc-linux-gnu/10.2.0/collect2] ==> ignore
    arg [-plugin] ==> ignore
    arg [/usr/lib/gcc/x86_64-pc-linux-gnu/10.2.0/liblto_plugin.so] ==> ignore
    arg [-plugin-opt=/usr/lib/gcc/x86_64-pc-linux-gnu/10.2.0/lto-wrapper] ==> ignore
    arg [-plugin-opt=-fresolution=/tmp/cctcOPpn.res] ==> ignore
    arg [-plugin-opt=-pass-through=-lgcc_s] ==> ignore
    arg [-plugin-opt=-pass-through=-lgcc] ==> ignore
    arg [-plugin-opt=-pass-through=-lc] ==> ignore
    arg [-plugin-opt=-pass-through=-lgcc_s] ==> ignore
    arg [-plugin-opt=-pass-through=-lgcc] ==> ignore
    arg [--build-id] ==> ignore
    arg [--eh-frame-hdr] ==> ignore
    arg [--hash-style=gnu] ==> ignore
    arg [-m] ==> ignore
    arg [elf_x86_64] ==> ignore
    arg [-dynamic-linker] ==> ignore
    arg [/lib64/ld-linux-x86-64.so.2] ==> ignore
    arg [-pie] ==> ignore
    arg [-o] ==> ignore
    arg [cmTC_95ec7] ==> ignore
    arg [/usr/lib/gcc/x86_64-pc-linux-gnu/10.2.0/../../../../lib/Scrt1.o] ==> ignore
    arg [/usr/lib/gcc/x86_64-pc-linux-gnu/10.2.0/../../../../lib/crti.o] ==> ignore
    arg [/usr/lib/gcc/x86_64-pc-linux-gnu/10.2.0/crtbeginS.o] ==> ignore
    arg [-L/opt/intel/compilers_and_libraries_2020.4.304/linux/mpi/intel64/libfabric/lib/../lib] ==> dir [/opt/intel/compilers_and_libraries_2020.4.304/linux/mpi/intel64/libfabric/lib/../lib]
    arg [-L/opt/intel/compilers_and_libraries_2020.4.304/linux/mpi/intel64/libfabric/lib/../lib] ==> dir [/opt/intel/compilers_and_libraries_2020.4.304/linux/mpi/intel64/libfabric/lib/../lib]
    arg [-L/usr/lib/gcc/x86_64-pc-linux-gnu/10.2.0] ==> dir [/usr/lib/gcc/x86_64-pc-linux-gnu/10.2.0]
    arg [-L/usr/lib/gcc/x86_64-pc-linux-gnu/10.2.0/../../../../lib] ==> dir [/usr/lib/gcc/x86_64-pc-linux-gnu/10.2.0/../../../../lib]
    arg [-L/lib/../lib] ==> dir [/lib/../lib]
    arg [-L/usr/lib/../lib] ==> dir [/usr/lib/../lib]
    arg [-L/opt/intel/compilers_and_libraries_2020.4.304/linux/mpi/intel64/libfabric/lib] ==> dir [/opt/intel/compilers_and_libraries_2020.4.304/linux/mpi/intel64/libfabric/lib]
    arg [-L/opt/intel/compilers_and_libraries_2020.4.304/linux/tbb/lib/intel64/gcc4.8] ==> dir [/opt/intel/compilers_and_libraries_2020.4.304/linux/tbb/lib/intel64/gcc4.8]
    arg [-L/opt/intel/compilers_and_libraries_2020.4.304/linux/mpi/intel64/libfabric/lib] ==> dir [/opt/intel/compilers_and_libraries_2020.4.304/linux/mpi/intel64/libfabric/lib]
    arg [-L/opt/intel/compilers_and_libraries_2020.4.304/linux/tbb/lib/intel64/gcc4.8] ==> dir [/opt/intel/compilers_and_libraries_2020.4.304/linux/tbb/lib/intel64/gcc4.8]
    arg [-L/usr/lib/gcc/x86_64-pc-linux-gnu/10.2.0/../../..] ==> dir [/usr/lib/gcc/x86_64-pc-linux-gnu/10.2.0/../../..]
    arg [CMakeFiles/cmTC_95ec7.dir/CMakeCXXCompilerABI.cpp.o] ==> ignore
    arg [-lstdc++] ==> lib [stdc++]
    arg [-lm] ==> lib [m]
    arg [-lgcc_s] ==> lib [gcc_s]
    arg [-lgcc] ==> lib [gcc]
    arg [-lc] ==> lib [c]
    arg [-lgcc_s] ==> lib [gcc_s]
    arg [-lgcc] ==> lib [gcc]
    arg [/usr/lib/gcc/x86_64-pc-linux-gnu/10.2.0/crtendS.o] ==> ignore
    arg [/usr/lib/gcc/x86_64-pc-linux-gnu/10.2.0/../../../../lib/crtn.o] ==> ignore
  collapse library dir [/opt/intel/compilers_and_libraries_2020.4.304/linux/mpi/intel64/libfabric/lib/../lib] ==> [/opt/intel/compilers_and_libraries_2020.4.304/linux/mpi/intel64/libfabric/lib]
  collapse library dir [/opt/intel/compilers_and_libraries_2020.4.304/linux/mpi/intel64/libfabric/lib/../lib] ==> [/opt/intel/compilers_and_libraries_2020.4.304/linux/mpi/intel64/libfabric/lib]
  collapse library dir [/usr/lib/gcc/x86_64-pc-linux-gnu/10.2.0] ==> [/usr/lib/gcc/x86_64-pc-linux-gnu/10.2.0]
  collapse library dir [/usr/lib/gcc/x86_64-pc-linux-gnu/10.2.0/../../../../lib] ==> [/usr/lib]
  collapse library dir [/lib/../lib] ==> [/lib]
  collapse library dir [/usr/lib/../lib] ==> [/usr/lib]
  collapse library dir [/opt/intel/compilers_and_libraries_2020.4.304/linux/mpi/intel64/libfabric/lib] ==> [/opt/intel/compilers_and_libraries_2020.4.304/linux/mpi/intel64/libfabric/lib]
  collapse library dir [/opt/intel/compilers_and_libraries_2020.4.304/linux/tbb/lib/intel64/gcc4.8] ==> [/opt/intel/compilers_and_libraries_2020.4.304/linux/tbb/lib/intel64/gcc4.8]
  collapse library dir [/opt/intel/compilers_and_libraries_2020.4.304/linux/mpi/intel64/libfabric/lib] ==> [/opt/intel/compilers_and_libraries_2020.4.304/linux/mpi/intel64/libfabric/lib]
  collapse library dir [/opt/intel/compilers_and_libraries_2020.4.304/linux/tbb/lib/intel64/gcc4.8] ==> [/opt/intel/compilers_and_libraries_2020.4.304/linux/tbb/lib/intel64/gcc4.8]
  collapse library dir [/usr/lib/gcc/x86_64-pc-linux-gnu/10.2.0/../../..] ==> [/usr/lib]
  implicit libs: [stdc++;m;gcc_s;gcc;c;gcc_s;gcc]
  implicit dirs: [/opt/intel/compilers_and_libraries_2020.4.304/linux/mpi/intel64/libfabric/lib;/usr/lib/gcc/x86_64-pc-linux-gnu/10.2.0;/usr/lib;/lib;/opt/intel/compilers_and_libraries_2020.4.304/linux/tbb/lib/intel64/gcc4.8]
  implicit fwks: []


